Traceback (most recent call last):
  File "<frozen runpy>", line 203, in _run_module_as_main
  File "<frozen runpy>", line 88, in _run_code
  File "C:\Users\adityachaturvedi\AppData\Local\Python\pythoncore-3.14-64\Lib\site-packages\uvicorn\__main__.py", line 4, in <module>
    uvicorn.main()
    ~~~~~~~~~~~~^^
  File "C:\Users\adityachaturvedi\AppData\Local\Python\pythoncore-3.14-64\Lib\site-packages\click\core.py", line 1524, in __call__
    return self.main(*args, **kwargs)
           ~~~~~~~~~^^^^^^^^^^^^^^^^^
  File "C:\Users\adityachaturvedi\AppData\Local\Python\pythoncore-3.14-64\Lib\site-packages\click\core.py", line 1445, in main
    rv = self.invoke(ctx)
  File "C:\Users\adityachaturvedi\AppData\Local\Python\pythoncore-3.14-64\Lib\site-packages\click\core.py", line 1308, in invoke
    return ctx.invoke(self.callback, **ctx.params)
           ~~~~~~~~~~^^^^^^^^^^^^^^^^^^^^^^^^^^^^^
  File "C:\Users\adityachaturvedi\AppData\Local\Python\pythoncore-3.14-64\Lib\site-packages\click\core.py", line 877, in invoke
    return callback(*args, **kwargs)
  File "C:\Users\adityachaturvedi\AppData\Local\Python\pythoncore-3.14-64\Lib\site-packages\uvicorn\main.py", line 441, in main
    run(
    ~~~^
        app,
        ^^^^
    ...<48 lines>...
        reset_contextvars=reset_contextvars,
        ^^^^^^^^^^^^^^^^^^^^^^^^^^^^^^^^^^^^
    )
    ^
  File "C:\Users\adityachaturvedi\AppData\Local\Python\pythoncore-3.14-64\Lib\site-packages\uvicorn\main.py", line 609, in run
    config.load_app()
    ~~~~~~~~~~~~~~~^^
  File "C:\Users\adityachaturvedi\AppData\Local\Python\pythoncore-3.14-64\Lib\site-packages\uvicorn\config.py", line 415, in load_app
    return import_from_string(self.app)
  File "C:\Users\adityachaturvedi\AppData\Local\Python\pythoncore-3.14-64\Lib\site-packages\uvicorn\importer.py", line 22, in import_from_string
    raise exc from None
  File "C:\Users\adityachaturvedi\AppData\Local\Python\pythoncore-3.14-64\Lib\site-packages\uvicorn\importer.py", line 19, in import_from_string
    module = importlib.import_module(module_str)
  File "C:\Users\adityachaturvedi\AppData\Local\Python\pythoncore-3.14-64\Lib\importlib\__init__.py", line 88, in import_module
    return _bootstrap._gcd_import(name[level:], package, level)
           ~~~~~~~~~~~~~~~~~~~~~~^^^^^^^^^^^^^^^^^^^^^^^^^^^^^^
  File "<frozen importlib._bootstrap>", line 1406, in _gcd_import
  File "<frozen importlib._bootstrap>", line 1371, in _find_and_load
  File "<frozen importlib._bootstrap>", line 1342, in _find_and_load_unlocked
  File "<frozen importlib._bootstrap>", line 938, in _load_unlocked
  File "<frozen importlib._bootstrap_external>", line 759, in exec_module
  File "<frozen importlib._bootstrap>", line 491, in _call_with_frames_removed
  File "C:\Users\adityachaturvedi\Desktop\alphamind-ai\backend\app\main.py", line 6, in <module>
    from app.api.v1.router import api_router
  File "C:\Users\adityachaturvedi\Desktop\alphamind-ai\backend\app\api\v1\router.py", line 4, in <module>
    from app.api.v1.endpoints.auth import router as auth_router
  File "C:\Users\adityachaturvedi\Desktop\alphamind-ai\backend\app\api\v1\endpoints\auth.py", line 5, in <module>
    from app.core.dependencies import get_db, get_current_user
  File "C:\Users\adityachaturvedi\Desktop\alphamind-ai\backend\app\core\dependencies.py", line 5, in <module>
    from app.core.security import decode_access_token
  File "C:\Users\adityachaturvedi\Desktop\alphamind-ai\backend\app\core\security.py", line 2, in <module>
    import bcrypt
ModuleNotFoundError: No module named 'bcrypt'
